<?xml version="1.0" encoding="UTF-8"?><testsuite errors="0" failures="1" name="com.gorest.testsuite.UserCRUDTest" skipped="0" tests="3" time="5.69" timestamp="2023-06-06T00:09:16.779+01:00[Europe/London]"><testcase classname="com.gorest.testsuite.UserCRUDTest" name="Test To Create A New User Record"/><testcase classname="com.gorest.testsuite.UserCRUDTest" name="Test To Update Existing User Record"><failure message="1 expectation failed.&#10;Expected status code &lt;200&gt; but was &lt;422&gt;.&#10;" type="java.lang.AssertionError">1 expectation failed.
Expected status code &lt;200&gt; but was &lt;422&gt;.
</failure><system-err>1 expectation failed.
Expected status code &lt;200&gt; but was &lt;422&gt;.
&#13;
io.restassured.internal.ResponseSpecificationImpl.validateResponseIfRequired(ResponseSpecificationImpl.groovy:636)&#13;
io.restassured.internal.ResponseSpecificationImpl.statusCode(ResponseSpecificationImpl.groovy:122)&#13;
io.restassured.internal.ResponseSpecificationImpl.statusCode(ResponseSpecificationImpl.groovy:130)&#13;
io.restassured.internal.ValidatableResponseOptionsImpl.statusCode(ValidatableResponseOptionsImpl.java:117)&#13;
com.gorest.testsuite.UserCRUDTest.test002(UserCRUDTest.java:36)&#13;
</system-err></testcase><testcase classname="com.gorest.testsuite.UserCRUDTest" name="Test To Delete The User Record"/></testsuite>